  stdafx.cpp
  Shape.cpp
d:\git\windows\1552009_tp03\shape.cpp(71): warning C4018: '<': signed/unsigned mismatch
d:\git\windows\1552009_tp03\shape.cpp(88): warning C4018: '<': signed/unsigned mismatch
d:\git\windows\1552009_tp03\shape.cpp(91): warning C4244: '=': conversion from 'double' to 'LONG', possible loss of data
d:\git\windows\1552009_tp03\shape.cpp(92): warning C4244: '=': conversion from 'double' to 'LONG', possible loss of data
d:\git\windows\1552009_tp03\shape.cpp(95): warning C4244: '=': conversion from 'double' to 'LONG', possible loss of data
d:\git\windows\1552009_tp03\shape.cpp(96): warning C4244: '=': conversion from 'double' to 'LONG', possible loss of data
d:\git\windows\1552009_tp03\shape.cpp(105): warning C4018: '<': signed/unsigned mismatch
d:\git\windows\1552009_tp03\shape.cpp(127): warning C4018: '<': signed/unsigned mismatch
d:\git\windows\1552009_tp03\shape.cpp(317): warning C4018: '<': signed/unsigned mismatch
d:\git\windows\1552009_tp03\shape.cpp(609): warning C4244: '=': conversion from 'double' to 'LONG', possible loss of data
d:\git\windows\1552009_tp03\shape.cpp(610): warning C4244: '=': conversion from 'double' to 'LONG', possible loss of data
d:\git\windows\1552009_tp03\shape.cpp(612): warning C4244: '=': conversion from 'double' to 'LONG', possible loss of data
d:\git\windows\1552009_tp03\shape.cpp(613): warning C4244: '=': conversion from 'double' to 'LONG', possible loss of data
d:\git\windows\1552009_tp03\shape.cpp(745): warning C4018: '<': signed/unsigned mismatch
  1552009_tp03.cpp
d:\git\windows\1552009_tp03\1552009_tp03.cpp(225): warning C4018: '<': signed/unsigned mismatch
d:\git\windows\1552009_tp03\1552009_tp03.cpp(586): warning C4018: '<': signed/unsigned mismatch
d:\git\windows\1552009_tp03\1552009_tp03.cpp(734): warning C4018: '<': signed/unsigned mismatch
d:\git\windows\1552009_tp03\1552009_tp03.cpp(762): warning C4018: '<': signed/unsigned mismatch
d:\git\windows\1552009_tp03\1552009_tp03.cpp(774): warning C4018: '<': signed/unsigned mismatch
d:\git\windows\1552009_tp03\1552009_tp03.cpp(799): warning C4018: '<': signed/unsigned mismatch
d:\git\windows\1552009_tp03\1552009_tp03.cpp(898): warning C4101: 'szBuffer': unreferenced local variable
  Generating Code...
  1552009_tp03.vcxproj -> D:\git\windows\Debug\1552009_tp03.exe
  1552009_tp03.vcxproj -> D:\git\windows\Debug\1552009_tp03.pdb (Partial PDB)
